[    0.000000] Linux version 4.15.0-212-generic (buildd@lcy02-amd64-083) (gcc version 7.5.0 (Ubuntu 7.5.0-3ubuntu1~18.04)) #223-Ubuntu SMP Tue May 23 13:09:22 UTC 2023 (Ubuntu 4.15.0-212.223-generic 4.15.18)
[    0.000000] Command line: BOOT_IMAGE=/boot/vmlinuz-4.15.0-212-generic root=LABEL=cloudimg-rootfs ro console=tty1 console=ttyS0
[    0.000000] KERNEL supported cpus:
[    0.000000]   Intel GenuineIntel
[    0.000000]   AMD AuthenticAMD
[    0.000000]   Centaur CentaurHauls
[    0.000000] x86/fpu: x87 FPU will use FXSAVE
[    0.000000] e820: BIOS-provided physical RAM map:
[    0.000000] BIOS-e820: [mem 0x0000000000000000-0x000000000009fbff] usable
[    0.000000] BIOS-e820: [mem 0x000000000009fc00-0x000000000009ffff] reserved
[    0.000000] BIOS-e820: [mem 0x00000000000f0000-0x00000000000fffff] reserved
[    0.000000] BIOS-e820: [mem 0x0000000000100000-0x000000003ffeffff] usable
[    0.000000] BIOS-e820: [mem 0x000000003fff0000-0x000000003fffffff] ACPI data
[    0.000000] BIOS-e820: [mem 0x00000000fec00000-0x00000000fec00fff] reserved
[    0.000000] BIOS-e820: [mem 0x00000000fee00000-0x00000000fee00fff] reserved
[    0.000000] BIOS-e820: [mem 0x00000000fffc0000-0x00000000ffffffff] reserved
[    0.000000] NX (Execute Disable) protection: active
[    0.000000] SMBIOS 2.5 present.
[    0.000000] DMI: innotek GmbH VirtualBox/VirtualBox, BIOS VirtualBox 12/01/2006
[    0.000000] Hypervisor detected: KVM
[    0.000000] e820: last_pfn = 0x3fff0 max_arch_pfn = 0x400000000
[    0.000000] MTRR: Disabled
[    0.000000] x86/PAT: MTRRs disabled, skipping PAT initialization too.
[    0.000000] CPU MTRRs all blank - virtualized system.
[    0.000000] x86/PAT: Configuration [0-7]: WB  WT  UC- UC  WB  WT  UC- UC  
[    0.000000] found SMP MP-table at [mem 0x0009fff0-0x0009ffff]
[    0.000000] Scanning 1 areas for low memory corruption
[    0.000000] RAMDISK: [mem 0x359cb000-0x36cdcfff]
[    0.000000] ACPI: Early table checksum verification disabled
[    0.000000] ACPI: RSDP 0x00000000000E0000 000024 (v02 VBOX  )
[    0.000000] ACPI: XSDT 0x000000003FFF0030 00003C (v01 VBOX   VBOXXSDT 00000001 ASL  00000061)
[    0.000000] ACPI: FACP 0x000000003FFF00F0 0000F4 (v04 VBOX   VBOXFACP 00000001 ASL  00000061)
[    0.000000] ACPI: DSDT 0x000000003FFF0610 002353 (v02 VBOX   VBOXBIOS 00000002 INTL 20100528)
[    0.000000] ACPI: FACS 0x000000003FFF0200 000040
[    0.000000] ACPI: FACS 0x000000003FFF0200 000040
[    0.000000] ACPI: APIC 0x000000003FFF0240 00005C (v02 VBOX   VBOXAPIC 00000001 ASL  00000061)
[    0.000000] ACPI: SSDT 0x000000003FFF02A0 00036C (v01 VBOX   VBOXCPUT 00000002 INTL 20100528)
[    0.000000] ACPI: Reserving FACP table memory at [mem 0x3fff00f0-0x3fff01e3]
[    0.000000] ACPI: Reserving DSDT table memory at [mem 0x3fff0610-0x3fff2962]
[    0.000000] ACPI: Reserving FACS table memory at [mem 0x3fff0200-0x3fff023f]
[    0.000000] ACPI: Reserving FACS table memory at [mem 0x3fff0200-0x3fff023f]
[    0.000000] ACPI: Reserving APIC table memory at [mem 0x3fff0240-0x3fff029b]
[    0.000000] ACPI: Reserving SSDT table memory at [mem 0x3fff02a0-0x3fff060b]
[    0.000000] No NUMA configuration found
[    0.000000] Faking a node at [mem 0x0000000000000000-0x000000003ffeffff]
[    0.000000] NODE_DATA(0) allocated [mem 0x3ffc5000-0x3ffeffff]
[    0.000000] kvm-clock: cpu 0, msr 0:3ff44001, primary cpu clock
[    0.000000] kvm-clock: Using msrs 4b564d01 and 4b564d00
[    0.000000] kvm-clock: using sched offset of 3745183922 cycles
[    0.000000] clocksource: kvm-clock: mask: 0xffffffffffffffff max_cycles: 0x1cd42e4dffb, max_idle_ns: 881590591483 ns
[    0.000000] Zone ranges:
[    0.000000]   DMA      [mem 0x0000000000001000-0x0000000000ffffff]
[    0.000000]   DMA32    [mem 0x0000000001000000-0x000000003ffeffff]
[    0.000000]   Normal   empty
[    0.000000]   Device   empty
[    0.000000] Movable zone start for each node
[    0.000000] Early memory node ranges
[    0.000000]   node   0: [mem 0x0000000000001000-0x000000000009efff]
[    0.000000]   node   0: [mem 0x0000000000100000-0x000000003ffeffff]
[    0.000000] Reserved but unavailable: 104 pages
[    0.000000] Initmem setup node 0 [mem 0x0000000000001000-0x000000003ffeffff]
[    0.000000] ACPI: PM-Timer IO Port: 0x4008
[    0.000000] IOAPIC[0]: apic_id 2, version 32, address 0xfec00000, GSI 0-23
[    0.000000] ACPI: INT_SRC_OVR (bus 0 bus_irq 0 global_irq 2 dfl dfl)
[    0.000000] ACPI: INT_SRC_OVR (bus 0 bus_irq 9 global_irq 9 low level)
[    0.000000] Using ACPI (MADT) for SMP configuration information
[    0.000000] smpboot: Allowing 2 CPUs, 0 hotplug CPUs
[    0.000000] PM: Registered nosave memory: [mem 0x00000000-0x00000fff]
[    0.000000] PM: Registered nosave memory: [mem 0x0009f000-0x0009ffff]
[    0.000000] PM: Registered nosave memory: [mem 0x000a0000-0x000effff]
[    0.000000] PM: Registered nosave memory: [mem 0x000f0000-0x000fffff]
[    0.000000] e820: [mem 0x40000000-0xfebfffff] available for PCI devices
[    0.000000] Booting paravirtualized kernel on KVM
[    0.000000] clocksource: refined-jiffies: mask: 0xffffffff max_cycles: 0xffffffff, max_idle_ns: 7645519600211568 ns
[    0.000000] setup_percpu: NR_CPUS:8192 nr_cpumask_bits:2 nr_cpu_ids:2 nr_node_ids:1
[    0.000000] percpu: Embedded 50 pages/cpu s167936 r8192 d28672 u1048576
[    0.000000] PV qspinlock hash table entries: 256 (order: 0, 4096 bytes)
[    0.000000] Built 1 zonelists, mobility grouping on.  Total pages: 257913
[    0.000000] Policy zone: DMA32
[    0.000000] Kernel command line: BOOT_IMAGE=/boot/vmlinuz-4.15.0-212-generic root=LABEL=cloudimg-rootfs ro console=tty1 console=ttyS0
[    0.000000] Memory: 982644K/1048120K available (12300K kernel code, 2477K rwdata, 4324K rodata, 2480K init, 2720K bss, 65476K reserved, 0K cma-reserved)
[    0.000000] SLUB: HWalign=64, Order=0-3, MinObjects=0, CPUs=2, Nodes=1
[    0.000000] ftrace: allocating 39508 entries in 155 pages
[    0.004000] Hierarchical RCU implementation.
[    0.004000] 	RCU restricting CPUs from NR_CPUS=8192 to nr_cpu_ids=2.
[    0.004000] 	Tasks RCU enabled.
[    0.004000] RCU: Adjusting geometry for rcu_fanout_leaf=16, nr_cpu_ids=2
[    0.004000] NR_IRQS: 524544, nr_irqs: 440, preallocated irqs: 16
[    0.004000] random: crng init done
[    0.004000] Console: colour VGA+ 80x25
[    0.004000] console [tty1] enabled
[    0.004000] console [ttyS0] enabled
[    0.004000] ACPI: Core revision 20170831
[    0.004000] ACPI: 2 ACPI AML tables successfully acquired and loaded
[    0.004000] APIC: Switch to symmetric I/O mode setup
[    0.004000] ..TIMER: vector=0x30 apic1=0 pin1=2 apic2=-1 pin2=-1
[    0.004007] tsc: Detected 2803.212 MHz processor
[    0.008011] Calibrating delay loop (skipped) preset value.. 5606.42 BogoMIPS (lpj=11212848)
[    0.012003] pid_max: default: 32768 minimum: 301
[    0.016064] Security Framework initialized
[    0.019075] Yama: becoming mindful.
[    0.020068] AppArmor: AppArmor initialized
[    0.028291] Dentry cache hash table entries: 131072 (order: 8, 1048576 bytes)
[    0.033578] Inode-cache hash table entries: 65536 (order: 7, 524288 bytes)
[    0.036065] Mount-cache hash table entries: 2048 (order: 2, 16384 bytes)
[    0.040088] Mountpoint-cache hash table entries: 2048 (order: 2, 16384 bytes)
[    0.048359] Last level iTLB entries: 4KB 0, 2MB 0, 4MB 0
[    0.052004] Last level dTLB entries: 4KB 0, 2MB 0, 4MB 0, 1GB 0
[    0.056004] Spectre V1 : Mitigation: usercopy/swapgs barriers and __user pointer sanitization
[    0.060005] Spectre V2 : Mitigation: Enhanced IBRS
[    0.064002] Spectre V2 : Spectre v2 / SpectreRSB mitigation: Filling RSB on context switch
[    0.068002] Spectre V2 : Spectre v2 / PBRSB-eIBRS: Retire a single CALL on VMEXIT
[    0.072021] RETBleed: Mitigation: Enhanced IBRS
[    0.076003] Speculative Store Bypass: Vulnerable
[    0.080199] Freeing SMP alternatives memory: 36K
[    0.201520] smpboot: CPU0: 11th Gen Intel(R) Core(TM) i7-1165G7 @ 2.80GHz (family: 0x6, model: 0x8c, stepping: 0x1)
[    0.204421] Performance Events: unsupported p6 CPU model 140 no PMU driver, software events only.
[    0.208310] Hierarchical SRCU implementation.
[    0.213058] NMI watchdog: Perf event create on CPU 0 failed with -2
[    0.216005] NMI watchdog: Perf NMI watchdog permanently disabled
[    0.220290] smp: Bringing up secondary CPUs ...
[    0.224678] x86: Booting SMP configuration:
[    0.228003] .... node  #0, CPUs:      #1
[    0.004000] kvm-clock: cpu 1, msr 0:3ff44041, secondary cpu clock
[    0.240000] TSC synchronization [CPU#0 -> CPU#1]:
[    0.240000] Measured 57852 cycles TSC warp between CPUs, turning off TSC clock.
[    0.240000] tsc: Marking TSC unstable due to check_tsc_sync_source failed
[    0.244226] smp: Brought up 1 node, 2 CPUs
[    0.248006] smpboot: Max logical packages: 1
[    0.252004] smpboot: Total of 2 processors activated (11212.84 BogoMIPS)
[    0.256472] devtmpfs: initialized
[    0.260102] x86/mm: Memory block size: 128MB
[    0.264344] evm: security.selinux
[    0.268002] evm: security.SMACK64
[    0.270509] evm: security.SMACK64EXEC
[    0.272002] evm: security.SMACK64TRANSMUTE
[    0.276002] evm: security.SMACK64MMAP
[    0.280005] evm: security.apparmor
[    0.284004] evm: security.ima
[    0.288004] evm: security.capability
[    0.292496] clocksource: jiffies: mask: 0xffffffff max_cycles: 0xffffffff, max_idle_ns: 7645041785100000 ns
[    0.296019] futex hash table entries: 512 (order: 3, 32768 bytes)
[    0.300216] pinctrl core: initialized pinctrl subsystem
[    0.308003] RTC time: 16:44:54, date: 03/05/24
[    0.312759] NET: Registered protocol family 16
[    0.316098] audit: initializing netlink subsys (disabled)
[    0.320179] audit: type=2000 audit(1709657099.298:1): state=initialized audit_enabled=0 res=1
[    0.328006] cpuidle: using governor ladder
[    0.332010] cpuidle: using governor menu
[    0.336081] ACPI: bus type PCI registered
[    0.338950] acpiphp: ACPI Hot Plug PCI Controller Driver version: 0.5
[    0.340582] PCI: Using configuration type 1 for base access
[    0.352019] HugeTLB registered 2.00 MiB page size, pre-allocated 0 pages
[    0.360251] ACPI: Added _OSI(Module Device)
[    0.363885] ACPI: Added _OSI(Processor Device)
[    0.364005] ACPI: Added _OSI(3.0 _SCP Extensions)
[    0.367801] ACPI: Added _OSI(Processor Aggregator Device)
[    0.368006] ACPI: Added _OSI(Linux-Dell-Video)
[    0.372003] ACPI: Added _OSI(Linux-Lenovo-NV-HDMI-Audio)
[    0.376007] ACPI: Added _OSI(Linux-HPI-Hybrid-Graphics)
[    0.384657] ACPI: Executed 1 blocks of module-level executable AML code
[    0.394720] ACPI: Interpreter enabled
[    0.396029] ACPI: (supports S0 S5)
[    0.400006] ACPI: Using IOAPIC for interrupt routing
[    0.404420] PCI: Using host bridge windows from ACPI; if necessary, use "pci=nocrs" and report a bug
[    0.408206] ACPI: Enabled 2 GPEs in block 00 to 07
[    0.422845] ACPI: PCI Root Bridge [PCI0] (domain 0000 [bus 00-ff])
[    0.424015] acpi PNP0A03:00: _OSC: OS supports [ASPM ClockPM Segments MSI]
[    0.429270] acpi PNP0A03:00: _OSC: not requesting OS control; OS requires [ExtendedConfig ASPM ClockPM MSI]
[    0.432058] acpi PNP0A03:00: fail to add MMCONFIG information, can't access extended PCI configuration space under this bridge.
[    0.437323] PCI host bridge to bus 0000:00
[    0.440007] pci_bus 0000:00: root bus resource [io  0x0000-0x0cf7 window]
[    0.444005] pci_bus 0000:00: root bus resource [io  0x0d00-0xffff window]
[    0.448006] pci_bus 0000:00: root bus resource [mem 0x000a0000-0x000bffff window]
[    0.452004] pci_bus 0000:00: root bus resource [mem 0x40000000-0xfdffffff window]
[    0.456004] pci_bus 0000:00: root bus resource [bus 00-ff]
[    0.467861] pci 0000:00:01.1: legacy IDE quirk: reg 0x10: [io  0x01f0-0x01f7]
[    0.468004] pci 0000:00:01.1: legacy IDE quirk: reg 0x14: [io  0x03f6]
[    0.472005] pci 0000:00:01.1: legacy IDE quirk: reg 0x18: [io  0x0170-0x0177]
[    0.476005] pci 0000:00:01.1: legacy IDE quirk: reg 0x1c: [io  0x0376]
[    0.503715] pci 0000:00:07.0: quirk: [io  0x4000-0x403f] claimed by PIIX4 ACPI
[    0.504038] pci 0000:00:07.0: quirk: [io  0x4100-0x410f] claimed by PIIX4 SMB
[    0.518319] ACPI: PCI Interrupt Link [LNKA] (IRQs 5 9 10 *11)
[    0.524289] ACPI: PCI Interrupt Link [LNKB] (IRQs 5 9 *10 11)
[    0.528181] ACPI: PCI Interrupt Link [LNKC] (IRQs 5 *9 10 11)
[    0.532172] ACPI: PCI Interrupt Link [LNKD] (IRQs 5 9 10 *11)
[    0.536765] SCSI subsystem initialized
[    0.544051] pci 0000:00:02.0: vgaarb: setting as boot VGA device
[    0.548000] pci 0000:00:02.0: vgaarb: VGA device added: decodes=io+mem,owns=io+mem,locks=none
[    0.548013] pci 0000:00:02.0: vgaarb: bridge control possible
[    0.552003] vgaarb: loaded
[    0.556133] ACPI: bus type USB registered
[    0.560027] usbcore: registered new interface driver usbfs
[    0.564043] usbcore: registered new interface driver hub
[    0.568013] usbcore: registered new device driver usb
[    0.572290] EDAC MC: Ver: 3.0.0
[    0.580186] PCI: Using ACPI for IRQ routing
[    0.583473] NetLabel: Initializing
[    0.584003] NetLabel:  domain hash size = 128
[    0.588002] NetLabel:  protocols = UNLABELED CIPSOv4 CALIPSO
[    0.592017] NetLabel:  unlabeled traffic allowed by default
[    0.596293] clocksource: Switched to clocksource kvm-clock
[    0.623398] VFS: Disk quotas dquot_6.6.0
[    0.623398] VFS: Dquot-cache hash table entries: 512 (order 0, 4096 bytes)
[    0.623398] AppArmor: AppArmor Filesystem Enabled
[    0.623398] pnp: PnP ACPI init
[    0.623398] pnp: PnP ACPI: found 3 devices
[    0.709530] clocksource: acpi_pm: mask: 0xffffff max_cycles: 0xffffff, max_idle_ns: 2085701024 ns
[    0.720255] NET: Registered protocol family 2
[    0.727697] IP idents hash table entries: 16384 (order: 5, 131072 bytes)
[    0.734939] TCP established hash table entries: 8192 (order: 4, 65536 bytes)
[    0.742693] TCP bind hash table entries: 8192 (order: 5, 131072 bytes)
[    0.747972] TCP: Hash tables configured (established 8192 bind 8192)
[    0.751509] UDP hash table entries: 512 (order: 2, 16384 bytes)
[    0.751509] UDP-Lite hash table entries: 512 (order: 2, 16384 bytes)
[    0.751509] NET: Registered protocol family 1
[    0.751509] pci 0000:00:00.0: Limiting direct PCI/PCI transfers
[    0.751509] pci 0000:00:01.0: Activating ISA DMA hang workarounds
[    0.751509] pci 0000:00:02.0: Video device with shadowed ROM at [mem 0x000c0000-0x000dffff]
[    0.751509] Unpacking initramfs...
[    1.310454] Freeing initrd memory: 19528K
[    1.318264] clocksource: tsc: mask: 0xffffffffffffffff max_cycles: 0x28681b31c8c, max_idle_ns: 440795302026 ns
[    1.328243] platform rtc_cmos: registered platform RTC device (no PNP device found)
[    1.334596] Scanning for low memory corruption every 60 seconds
[    1.342136] Initialise system trusted keyrings
[    1.345817] Key type blacklist registered
[    1.350955] workingset: timestamp_bits=36 max_order=18 bucket_order=0
[    1.359678] zbud: loaded
[    1.363570] squashfs: version 4.0 (2009/01/31) Phillip Lougher
[    1.370012] fuse init (API version 7.26)
[    1.394139] Key type asymmetric registered
[    1.400281] Asymmetric key parser 'x509' registered
[    1.405519] Block layer SCSI generic (bsg) driver version 0.4 loaded (major 246)
[    1.410954] io scheduler noop registered
[    1.413730] io scheduler deadline registered
[    1.416458] io scheduler cfq registered (default)
[    1.420575] ACPI: AC Adapter [AC] (on-line)
[    1.423906] input: Power Button as /devices/LNXSYSTM:00/LNXPWRBN:00/input/input0
[    1.429914] ACPI: Power Button [PWRF]
[    1.432918] input: Sleep Button as /devices/LNXSYSTM:00/LNXSLPBN:00/input/input1
[    1.438929] ACPI: Sleep Button [SLPF]
[    1.443833] ACPI: Battery Slot [BAT0] (battery present)
[    1.444538] Serial: 8250/16550 driver, 32 ports, IRQ sharing enabled
[    1.482081] 00:02: ttyS0 at I/O 0x3f8 (irq = 4, base_baud = 115200) is a 16550A
[    1.490102] Linux agpgart interface v0.103
[    1.498131] loop: module loaded
[    1.505380] scsi host0: ata_piix
[    1.509274] scsi host1: ata_piix
[    1.511987] ata1: PATA max UDMA/33 cmd 0x1f0 ctl 0x3f6 bmdma 0xd000 irq 14
[    1.517112] ata2: PATA max UDMA/33 cmd 0x170 ctl 0x376 bmdma 0xd008 irq 15
[    1.522432] tun: Universal TUN/TAP device driver, 1.6
[    1.526940] PPP generic driver version 2.4.2
[    1.531071] ehci_hcd: USB 2.0 'Enhanced' Host Controller (EHCI) Driver
[    1.537254] ehci-pci: EHCI PCI platform driver
[    1.541244] ehci-platform: EHCI generic platform driver
[    1.546420] ohci_hcd: USB 1.1 'Open' Host Controller (OHCI) Driver
[    1.552942] ohci-pci: OHCI PCI platform driver
[    1.558433] ohci-platform: OHCI generic platform driver
[    1.565127] uhci_hcd: USB Universal Host Controller Interface driver
[    1.572827] i8042: PNP: PS/2 Controller [PNP0303:PS2K,PNP0f03:PS2M] at 0x60,0x64 irq 1,12
[    1.583441] serio: i8042 KBD port at 0x60,0x64 irq 1
[    1.587143] serio: i8042 AUX port at 0x60,0x64 irq 12
[    1.591695] mousedev: PS/2 mouse device common for all mice
[    1.598396] input: AT Translated Set 2 keyboard as /devices/platform/i8042/serio0/input/input2
[    1.607026] rtc_cmos rtc_cmos: rtc core: registered rtc_cmos as rtc0
[    1.612767] rtc_cmos rtc_cmos: alarms up to one day, 114 bytes nvram
[    1.619728] i2c /dev entries driver
[    1.623626] device-mapper: uevent: version 1.0.3
[    1.629584] device-mapper: ioctl: 4.37.0-ioctl (2017-09-20) initialised: dm-devel@redhat.com
[    1.642492] ledtrig-cpu: registered to indicate activity on CPUs
[    1.651024] NET: Registered protocol family 10
[    1.674503] Segment Routing with IPv6
[    1.679234] NET: Registered protocol family 17
[    1.732145] Key type dns_resolver registered
[    1.766714] mce: Using 0 MCE banks
[    1.771259] RAS: Correctable Errors collector initialized.
[    1.779775] sched_clock: Marking stable (1779685840, 0)->(2637510136, -857824296)
[    1.793756] registered taskstats version 1
[    1.797483] Loading compiled-in X.509 certificates
[    1.806728] Loaded X.509 cert 'Build time autogenerated kernel key: b5b26778eaa3ab3a4a6cee031137706e947d12ad'
[    1.814115] Loaded X.509 cert 'Canonical Ltd. Live Patch Signing: 14df34d1a87cf37625abec039ef2bf521249b969'
[    1.821508] Loaded X.509 cert 'Canonical Ltd. Kernel Module Signing: 88f752e560a1e0737e31163a466ad7b70a850c19'
[    1.828450] blacklist: Loading compiled-in revocation X.509 certificates
[    1.834011] Loaded X.509 cert 'Canonical Ltd. Secure Boot Signing: 61482aa2830d0ab2ad5af10b7250da9033ddcef0'
[    1.841866] Loaded X.509 cert 'Canonical Ltd. Secure Boot Signing (2017): 242ade75ac4a15e50d50c84b0d45ff3eae707a03'
[    1.849831] Loaded X.509 cert 'Canonical Ltd. Secure Boot Signing (ESM 2018): 365188c1d374d6b07c3c8f240f8ef722433d6a8b'
[    1.857703] Loaded X.509 cert 'Canonical Ltd. Secure Boot Signing (2019): c0746fd6c5da3ae827864651ad66ae47fe24b3e8'
[    1.865617] Loaded X.509 cert 'Canonical Ltd. Secure Boot Signing (2021 v1): a8d54bbb3825cfb94fa13c9f8a594a195c107b8d'
[    1.872740] Loaded X.509 cert 'Canonical Ltd. Secure Boot Signing (2021 v2): 4cf046892d6fd3c9a5b03f98d845f90851dc6a8c'
[    1.880295] Loaded X.509 cert 'Canonical Ltd. Secure Boot Signing (2021 v3): 100437bb6de6e469b581e61cd66bce3ef4ed53af'
[    1.888093] Loaded X.509 cert 'Canonical Ltd. Secure Boot Signing (Ubuntu Core 2019): c1d57b8f6b743f23ee41f4f7ee292f06eecadfb9'
[    1.896919] zswap: loaded using pool lzo/zbud
[    1.910706] Key type big_key registered
[    1.915025] Key type trusted registered
[    1.929124] Key type encrypted registered
[    1.936192] AppArmor: AppArmor sha1 policy hashing enabled
[    1.941584] ima: No TPM chip found, activating TPM-bypass! (rc=-19)
[    1.947849] ima: Allocated hash algorithm: sha1
[    1.951207] evm: HMAC attrs: 0x1
[    1.957437]   Magic number: 0:737:741
[    1.962179] workqueue writeback: hash matches
[    1.966007] rtc_cmos rtc_cmos: setting system clock to 2024-03-05 16:44:56 UTC (1709657096)
[    1.974287] BIOS EDD facility v0.16 2004-Jun-25, 0 devices found
[    1.982894] EDD information not available.
[    1.992614] Freeing unused kernel image memory: 2480K
[    2.033104] Write protecting the kernel read-only data: 20480k
[    2.047169] Freeing unused kernel image memory: 2008K
[    2.051969] Freeing unused kernel image memory: 1820K
[    2.060144] x86/mm: Checked W+X mappings: passed, no W+X pages found.
Loading, please wait...
starting version 237
[    2.177729] e1000: Intel(R) PRO/1000 Network Driver - version 7.3.21-k8-NAPI
[    2.179593] Fusion MPT base driver 3.04.20
[    2.186920] e1000: Copyright (c) 1999-2006 Intel Corporation.
[    2.194235] Copyright (c) 1999-2008 LSI Corporation
[    2.215627] Fusion MPT SPI Host driver 3.04.20
[    2.232608] mptbase: ioc0: Initiating bringup
[    2.258630] SSE version of gcm_enc/dec engaged.
[    2.370261] ioc0: LSI53C1030 A0: Capabilities={Initiator}
[    2.460304] input: ImExPS/2 Generic Explorer Mouse as /devices/platform/i8042/serio1/input/input4
[    2.670956] scsi host2: ioc0: LSI53C1030 A0, FwRev=00000000h, Ports=1, MaxQ=256, IRQ=20
[    2.850331] scsi 2:0:0:0: Direct-Access     VBOX     HARDDISK         1.0  PQ: 0 ANSI: 5
[    2.892048] scsi target2:0:0: Beginning Domain Validation
[    2.903832] scsi target2:0:0: Domain Validation skipping write tests
[    2.910439] scsi target2:0:0: Ending Domain Validation
[    2.915913] scsi target2:0:0: asynchronous
[    2.922827] scsi 2:0:1:0: Direct-Access     VBOX     HARDDISK         1.0  PQ: 0 ANSI: 5
[    3.356373] scsi target2:0:1: Beginning Domain Validation
[    3.386326] scsi target2:0:1: Domain Validation skipping write tests
[    3.401706] scsi target2:0:1: Ending Domain Validation
[    3.412290] scsi target2:0:1: asynchronous
[    3.440910] sd 2:0:0:0: Attached scsi generic sg0 type 0
[    3.447135] sd 2:0:1:0: Attached scsi generic sg1 type 0
[    3.453409] sd 2:0:0:0: [sda] 83886080 512-byte logical blocks: (42.9 GB/40.0 GiB)
[    3.459075] sd 2:0:1:0: [sdb] 20480 512-byte logical blocks: (10.5 MB/10.0 MiB)
[    3.472090] sd 2:0:1:0: [sdb] Write Protect is off
[    3.478251] sd 2:0:0:0: [sda] Write Protect is off
[    3.485435] sd 2:0:0:0: [sda] Incomplete mode parameter data
[    3.491040] sd 2:0:0:0: [sda] Assuming drive cache: write through
[    3.497741] sd 2:0:1:0: [sdb] Incomplete mode parameter data
[    3.503563] sd 2:0:1:0: [sdb] Assuming drive cache: write through
[    3.522345]  sda: sda1
[    3.538594] sd 2:0:0:0: [sda] Attached SCSI disk
[    3.548218] sd 2:0:1:0: [sdb] Attached SCSI disk
[    3.674272] e1000 0000:00:03.0 eth0: (PCI:33MHz:32-bit) 02:3b:7b:b7:3b:2d
[    3.681636] e1000 0000:00:03.0 eth0: Intel(R) PRO/1000 Network Connection
[    4.512158] e1000 0000:00:08.0 eth1: (PCI:33MHz:32-bit) 08:00:27:93:52:39
[    4.524650] e1000 0000:00:08.0 eth1: Intel(R) PRO/1000 Network Connection
[    4.534073] e1000 0000:00:08.0 enp0s8: renamed from eth1
[  118.350067] INFO: rcu_sched self-detected stall on CPU
[  118.357322] 	0-...!: (1 ticks this GP) idle=ad2/1/0 softirq=887/887 fqs=0 
[  118.363207] 	 (t=28446 jiffies g=-183 c=-184 q=1)
[  118.367736] rcu_sched kthread starved for 28446 jiffies! g18446744073709551433 c18446744073709551432 f0x0 RCU_GP_WAIT_FQS(3) ->state=0x402 ->cpu=0
[  118.379502] rcu_sched       I    0     8      2 0x80000000
[  118.385509] Call Trace:
[  118.388146]  __schedule+0x24e/0x890
[  118.391043]  schedule+0x2c/0x80
[  118.394091]  schedule_timeout+0x15d/0x370
[  118.398051]  ? __next_timer_interrupt+0xe0/0xe0
[  118.401863]  rcu_gp_kthread+0x53a/0x980
[  118.404685]  kthread+0x121/0x140
[  118.407361]  ? rcu_note_context_switch+0x150/0x150
[  118.412120]  ? kthread_create_worker_on_cpu+0x70/0x70
[  118.417401]  ret_from_fork+0x1f/0x40
[  118.420140] NMI backtrace for cpu 0
[  118.423926] CPU: 0 PID: 0 Comm: swapper/0 Not tainted 4.15.0-212-generic #223-Ubuntu
[  118.430574] Hardware name: innotek GmbH VirtualBox/VirtualBox, BIOS VirtualBox 12/01/2006
[  118.438606] Call Trace:
[  118.440872]  <IRQ>
[  118.443759]  dump_stack+0x6d/0x8b
[  118.447045]  nmi_cpu_backtrace+0x94/0xa0
[  118.451619]  ? lapic_can_unplug_cpu+0xb0/0xb0
[  118.455674]  nmi_trigger_cpumask_backtrace+0xe7/0x130
[  118.460383]  arch_trigger_cpumask_backtrace+0x19/0x20
[  118.464401]  rcu_dump_cpu_stacks+0xa3/0xd5
[  118.468724]  rcu_check_callbacks+0x6cd/0x8e0
[  118.472180]  ? tick_sched_do_timer+0x50/0x50
[  118.475067]  update_process_times+0x2f/0x60
[  118.477932]  tick_sched_handle+0x26/0x70
[  118.480925]  ? tick_sched_do_timer+0x42/0x50
[  118.484357]  tick_sched_timer+0x39/0x80
[  118.486866]  __hrtimer_run_queues+0xdf/0x230
[  118.490736]  hrtimer_interrupt+0x97/0x180
[  118.494837]  smp_apic_timer_interrupt+0x6f/0x140
[  118.499186]  apic_timer_interrupt+0x90/0xa0
[  118.503179]  </IRQ>
[  118.506284] RIP: 0010:native_safe_halt+0x12/0x20
[  118.510687] RSP: 0018:ffffffffb2803e28 EFLAGS: 00010246 ORIG_RAX: ffffffffffffff11
[  118.517897] RAX: ffffffffb1dcfa40 RBX: 0000000000000000 RCX: 0000000000000000
[  118.525147] RDX: 0000000000000000 RSI: 0000000000000000 RDI: 0000000000000000
[  118.531688] RBP: ffffffffb2803e28 R08: 0000000000000002 R09: 0000000000000002
[  118.539085] R10: 0000000000000000 R11: 000000000000024c R12: 0000000000000000
[  118.545851] R13: 0000000000000000 R14: 0000000000000000 R15: 0000000000000000
[  118.552174]  ? __sched_text_end+0x1/0x1
[  118.556255]  default_idle+0x20/0x100
[  118.561330]  arch_cpu_idle+0x15/0x20
[  118.566542]  default_idle_call+0x23/0x30
[  118.570964]  do_idle+0x172/0x1f0
[  118.573932]  cpu_startup_entry+0x73/0x80
[  118.577482]  rest_init+0xae/0xb0
[  118.579895]  start_kernel+0x4c9/0x4ed
[  118.582407]  x86_64_start_reservations+0x24/0x26
[  118.585601]  x86_64_start_kernel+0x8e/0x91
[  118.591086]  secondary_startup_64+0xa5/0xb0
[  118.607012] e1000 0000:00:03.0 enp0s3: renamed from eth0
Begin: Loading essential drivers ... [  120.918064] raid6: sse2x1   gen() 13193 MB/s
[  121.357281] raid6: sse2x1   xor() 69771 MB/s
[  121.409840] raid6: sse2x2   gen()  9075 MB/s
[  121.472968] raid6: sse2x2   xor()  9130 MB/s
[  121.545198] raid6: sse2x4   gen() 16495 MB/s
[  121.597055] raid6: sse2x4   xor() 10206 MB/s
[  121.601910] raid6: using algorithm sse2x4 gen() 16495 MB/s
[  121.607534] raid6: .... xor() 10206 MB/s, rmw enabled
[  121.611495] raid6: using ssse3x2 recovery algorithm
[  121.617983] xor: measuring software checksum speed
[  121.660293]    prefetch64-sse: 21548.000 MB/sec
[  121.704317]    generic_sse: 21730.000 MB/sec
[  121.708260] xor: using function: generic_sse (21730.000 MB/sec)
[  121.715057] async_tx: api initialized (async)
done.
Begin: Running /scripts/init-premount ... done.
Begin: Mounting root file system ... Begin: Running /scripts/local-top ... done.
Begin: Running /scripts/local-premount ... [  121.798399] Btrfs loaded, crc32c=crc32c-intel
Scanning for Btrfs filesystems
done.
Warning: fsck not present, so skipping root file system
[  121.877392] EXT4-fs (sda1): mounted filesystem with ordered data mode. Opts: (null)
done.
Begin: Running /scripts/local-bottom ... done.
Begin: Running /scripts/init-bottom ... done.
[  122.163569] ip_tables: (C) 2000-2006 Netfilter Core Team
[  122.187542] systemd[1]: systemd 237 running in system mode. (+PAM +AUDIT +SELINUX +IMA +APPARMOR +SMACK +SYSVINIT +UTMP +LIBCRYPTSETUP +GCRYPT +GNUTLS +ACL +XZ +LZ4 +SECCOMP +BLKID +ELFUTILS +KMOD -IDN2 +IDN -PCRE2 default-hierarchy=hybrid)
[  122.205624] systemd[1]: Detected virtualization oracle.
[  122.213300] systemd[1]: Detected architecture x86-64.

Welcome to [1mUbuntu 18.04.6 LTS[0m!

[  122.270865] systemd[1]: Set hostname to <ubuntu>.
[  122.291755] systemd[1]: Initializing machine ID from random generator.
[  122.300482] systemd[1]: Installed transient /etc/machine-id file.
[  122.672840] systemd[1]: Reached target Mounting snaps.
[[0;32m  OK  [0m] Reached target Mounting snaps.
[  122.692826] systemd[1]: Created slice User and Session Slice.
[[0;32m  OK  [0m] Created slice User and Session Slice.
[  122.702304] systemd[1]: Reached target Swap.
[[0;32m  OK  [0m] Reached target Swap.
[  122.709190] systemd[1]: Set up automount Arbitrary Executable File Formats File System Automount Point.
[[0;32m  OK  [0m] Set up automount Arbitrary Executab…rmats File System Automount Point.
[[0;32m  OK  [0m] Reached target User and Group Name Lookups.
[[0;32m  OK  [0m] Started Forward Password Requests to Wall Directory Watch.
[[0;32m  OK  [0m] Reached target Mounted snaps.
[[0;32m  OK  [0m] Created slice System Slice.
[[0;32m  OK  [0m] Listening on Syslog Socket.
[[0;32m  OK  [0m] Listening on Journal Socket (/dev/log).
[[0;32m  OK  [0m] Listening on udev Control Socket.
[[0;32m  OK  [0m] Listening on fsck to fsckd communication Socket.
[[0;32m  OK  [0m] Listening on Network Service Netlink Socket.
[[0;32m  OK  [0m] Listening on Device-mapper event daemon FIFOs.
[[0;32m  OK  [0m] Reached target Slices.
[[0;32m  OK  [0m] Listening on Journal Socket.
         Starting Set the console keyboard layout...
         Mounting POSIX Message Queue File System...
         Starting File System Check on Root Device...
         Starting Load Kernel Modules...
         Mounting Kernel Debug File System...
         Starting Uncomplicated firewall...
         Starting Create list of required st…ce nodes for the current kernel...
[  122.842546] Loading iSCSI transport class v2.0-870.
[[0;32m  OK  [0m] Created slice system-serial\x2dgetty.slice.
[[0;32m  OK  [0m] Listening on udev Kernel Socket.
         Starting udev Coldplug all Devices...
         Mounting Huge Pages File System...
[[0;32m  OK  [0m] Listening on /dev/initctl Compatibility Named Pipe.
[[0;32m  OK  [0m] Reached target System Time Synchronized.
[[0;32m  OK  [0m] Listening on LVM2 poll daemon socket.
[  122.895195] iscsi: registered transport (tcp)
[[0;32m  OK  [0m] Listening on Journal Audit Socket.
         Starting Journal Service...
[[0;32m  OK  [0m] Listening on LVM2 metadata daemon socket.
         Starting Monitoring of LVM2 mirrors…ng dmeventd or progress polling...
[[0;32m  OK  [0m] Mounted POSIX Message Queue File System.
[[0;32m  OK  [0m] Started File System Check on Root Device.
[[0;32m  OK  [0m] Mounted Kernel Debug File System.
[[0;32m  OK  [0m] Started Uncomplicated firewall.
[[0;32m  OK  [0m] Started Create list of required sta…vice nodes for the current kernel.
[[0;32m  OK  [0m] Mounted Huge Pages File System.
[[0;32m  OK  [0m] Started File System Check Daemon to report status.
         Starting Create Static Device Nodes in /dev...
         Starting Remount Root and Kernel File Systems...
[[0;32m  OK  [0m] Started LVM2 metadata daemon.
[[0;32m  OK  [0m] Started udev Coldplug all Devices.
[[0;32m  OK  [0m] Started Journal Service.
[[0;32m  OK  [0m] Started Create Static Device Nodes in /dev.
[  123.085313] EXT4-fs (sda1): re-mounted. Opts: (null)
[[0;32m  OK  [0m] Started Remount Root and Kernel File Systems.
         Starting udev Kernel Device Manager...
         Starting Flush Journal to Persistent Storage...
         Starting Load/Save Random Seed...
[[0;32m  OK  [0m] Started Monitoring of LVM2 mirrors,…sing dmeventd or progress polling.
[  123.126128] systemd-journald[426]: Received request to flush runtime journal from PID 1
[[0;32m  OK  [0m] Started Load/Save Random Seed.
[[0;32m  OK  [0m] Started udev Kernel Device Manager.
[  123.176557] iscsi: registered transport (iser)
[[0;32m  OK  [0m] Started Load Kernel Modules.
         Mounting Kernel Configuration File System...
         Starting Apply Kernel Variables...
         Mounting FUSE Control File System...
[[0;32m  OK  [0m] Mounted Kernel Configuration File System.
[[0;32m  OK  [0m] Mounted FUSE Control File System.
[[0;32m  OK  [0m] Started Flush Journal to Persistent Storage.
[[0;32m  OK  [0m] Started Apply Kernel Variables.
[[0;32m  OK  [0m] Found device /dev/ttyS0.
[[0;32m  OK  [0m] Listening on Load/Save RF Kill Switch Status /dev/rfkill Watch.
[[0;32m  OK  [0m] Started Set the console keyboard layout.
         Mounting Arbitrary Executable File Formats File System...
[[0;32m  OK  [0m] Reached target Local File Systems (Pre).
[[0;32m  OK  [0m] Reached target Local File Systems.
         Starting Commit a transient machine-id on disk...
         Starting Create Volatile Files and Directories...
         Starting AppArmor initialization...
         Starting ebtables ruleset management...
         Starting Set console font and keymap...
         Starting Tell Plymouth To Write Out Runtime Data...
[[0;32m  OK  [0m] Started Dispatch Password Requests to Console Directory Watch.
[[0;32m  OK  [0m] Reached target Local Encrypted Volumes.
[[0;32m  OK  [0m] Mounted Arbitrary Executable File Formats File System.
[[0;32m  OK  [0m] Started Create Volatile Files and Directories.
         Starting Update UTMP about System Boot/Shutdown...
[[0;32m  OK  [0m] Started Tell Plymouth To Write Out Runtime Data.
[[0;32m  OK  [0m] Started Update UTMP about System Boot/Shutdown.
[[0;32m  OK  [0m] Started Commit a transient machine-id on disk.
[[0;32m  OK  [0m] Started ebtables ruleset management.
[[0;32m  OK  [0m] Started AppArmor initialization.
         Starting Load AppArmor profiles managed internally by snapd...
         Starting Initial cloud-init job (pre-networking)...
[[0;32m  OK  [0m] Started Load AppArmor profiles managed internally by snapd.
[[0;32m  OK  [0m] Started Set console font and keymap.
[  127.580555] cloud-init[774]: Cloud-init v. 23.1.2-0ubuntu0~18.04.1 running 'init-local' at Tue, 05 Mar 2024 16:47:01 +0000. Up 127.01 seconds.
[[0;32m  OK  [0m] Started Initial cloud-init job (pre-networking).
[[0;32m  OK  [0m] Reached target Network (Pre).
         Starting Network Service...
[[0;32m  OK  [0m] Started Network Service.
         Starting Wait for Network to be Configured...
         Starting Network Name Resolution...
[[0;32m  OK  [0m] Started Network Name Resolution.
[[0;32m  OK  [0m] Reached target Network.
[[0;32m  OK  [0m] Reached target Host and Network Name Lookups.
[[0;32m  OK  [0m] Started Wait for Network to be Configured.
         Starting Initial cloud-init job (metadata service crawler)...
[  130.247911] cloud-init[920]: Cloud-init v. 23.1.2-0ubuntu0~18.04.1 running 'init' at Tue, 05 Mar 2024 16:47:04 +0000. Up 130.09 seconds.
[  130.252336] cloud-init[920]: ci-info: ++++++++++++++++++++++++++++++++++++++Net device info+++++++++++++++++++++++++++++++++++++++
[  130.256705] cloud-init[920]: ci-info: +--------+-------+----------------------------+---------------+--------+-------------------+
[  130.261000] cloud-init[920]: ci-info: | Device |   Up  |          Address           |      Mask     | Scope  |     Hw-Address    |
[  130.265309] cloud-init[920]: ci-info: +--------+-------+----------------------------+---------------+--------+-------------------+
[  130.269611] cloud-init[920]: ci-info: | enp0s3 |  True |         10.0.2.15          | 255.255.255.0 | global | 02:3b:7b:b7:3b:2d |
[  130.273515] cloud-init[920]: ci-info: | enp0s3 |  True | fe80::3b:7bff:feb7:3b2d/64 |       .       |  link  | 02:3b:7b:b7:3b:2d |
[  130.277627] cloud-init[920]: ci-info: | enp0s8 | False |             .              |       .       |   .    | 08:00:27:93:52:39 |
[  130.281771] cloud-init[920]: ci-info: |   lo   |  True |         127.0.0.1          |   255.0.0.0   |  host  |         .         |
[  130.285803] cloud-init[920]: ci-info: |   lo   |  True |          ::1/128           |       .       |  host  |         .         |
[  130.289740] cloud-init[920]: ci-info: +--------+-------+----------------------------+---------------+--------+-------------------+
[  130.294066] cloud-init[920]: ci-info: ++++++++++++++++++++++++++++Route IPv4 info+++++++++++++++++++++++++++++
[  130.297771] cloud-init[920]: ci-info: +-------+-------------+----------+-----------------+-----------+-------+
[  130.301269] cloud-init[920]: ci-info: | Route | Destination | Gateway  |     Genmask     | Interface | Flags |
[  130.304805] cloud-init[920]: ci-info: +-------+-------------+----------+-----------------+-----------+-------+
[  130.308288] cloud-init[920]: ci-info: |   0   |   0.0.0.0   | 10.0.2.2 |     0.0.0.0     |   enp0s3  |   UG  |
[  130.313414] cloud-init[920]: ci-info: |   1   |   10.0.2.0  | 0.0.0.0  |  255.255.255.0  |   enp0s3  |   U   |
[  130.316998] cloud-init[920]: ci-info: |   2   |   10.0.2.2  | 0.0.0.0  | 255.255.255.255 |   enp0s3  |   UH  |
[  130.319894] cloud-init[920]: ci-info: +-------+-------------+----------+-----------------+-----------+-------+
[  130.323540] cloud-init[920]: ci-info: +++++++++++++++++++Route IPv6 info+++++++++++++++++++
[  130.326821] cloud-init[920]: ci-info: +-------+-------------+---------+-----------+-------+
[  130.329861] cloud-init[920]: ci-info: | Route | Destination | Gateway | Interface | Flags |
[  130.332774] cloud-init[920]: ci-info: +-------+-------------+---------+-----------+-------+
[  130.335182] cloud-init[920]: ci-info: |   1   |  fe80::/64  |    ::   |   enp0s3  |   U   |
[  130.337579] cloud-init[920]: ci-info: |   3   |    local    |    ::   |   enp0s3  |   U   |
[  130.339553] cloud-init[920]: ci-info: |   4   |   ff00::/8  |    ::   |   enp0s3  |   U   |
[  130.341645] cloud-init[920]: ci-info: +-------+-------------+---------+-----------+-------+
[  131.336674] cloud-init[920]: Generating public/private rsa key pair.
[  131.338720] cloud-init[920]: Your identification has been saved in /etc/ssh/ssh_host_rsa_key.
[  131.341599] cloud-init[920]: Your public key has been saved in /etc/ssh/ssh_host_rsa_key.pub.
[  131.344424] cloud-init[920]: The key fingerprint is:
[  131.346100] cloud-init[920]: SHA256:0P3YG0Axwr3/obBIGW3M/5Vt41nXtgphfKS6NuanWi4 root@ubuntu-bionic
[  131.349247] cloud-init[920]: The key's randomart image is:
[  131.351395] cloud-init[920]: +---[RSA 2048]----+
[  131.353089] cloud-init[920]: |       ...+.     |
[  131.354480] cloud-init[920]: |       ..+..     |
[  131.355998] cloud-init[920]: |      . .+o. .   |
[  131.358141] cloud-init[920]: |       .. B=o    |
[  131.359776] cloud-init[920]: |        S+.B+.  +|
[  131.361239] cloud-init[920]: |        o + =o.oO|
[  131.362615] cloud-init[920]: |       . + +.+.=*|
[  131.363914] cloud-init[920]: |       E++o.o o+ |
[  131.366312] cloud-init[920]: |       .*=+  ..  |
[  131.381527] cloud-init[920]: +----[SHA256]-----+
[  131.383594] cloud-init[920]: Generating public/private dsa key pair.
[  131.386423] cloud-init[920]: Your identification has been saved in /etc/ssh/ssh_host_dsa_key.
[  131.392525] cloud-init[920]: Your public key has been saved in /etc/ssh/ssh_host_dsa_key.pub.
[  131.396555] cloud-init[920]: The key fingerprint is:
[  131.399098] cloud-init[920]: SHA256:5/vc/vtQ4R5PKxvw4WxLb7j+zMvdo83Eu1NunIZzEjo root@ubuntu-bionic
[  131.403016] cloud-init[920]: The key's randomart image is:
[  131.404725] cloud-init[920]: +---[DSA 1024]----+
[  131.406332] cloud-init[920]: |                 |
[  131.407479] cloud-init[920]: |                 |
[  131.422789] cloud-init[920]: |               . |
[  131.426030] cloud-init[920]: |              . .|
[  131.427236] cloud-init[920]: |        S .. . oo|
[  131.430219] cloud-init[920]: |         o  =.+o=|
[  131.432510] cloud-init[920]: |          . .O=B+|
[  131.434813] cloud-init[920]: |           Eo*&OB|
[  131.436693] cloud-init[920]: |          ..=B%/%|
[  131.437835] cloud-init[920]: +----[SHA256]-----+
[  131.439585] cloud-init[920]: Generating public/private ecdsa key pair.
[  131.441691] cloud-init[920]: Your identification has been saved in /etc/ssh/ssh_host_ecdsa_key.
[  131.444312] cloud-init[920]: Your public key has been saved in /etc/ssh/ssh_host_ecdsa_key.pub.
[  131.446770] cloud-init[920]: The key fingerprint is:
[  131.448338] cloud-init[920]: SHA256:qsZ+QGlDh2tvf18woSEvgaUIDKNWzmoMdnLwVtNBIEM root@ubuntu-bionic
[  131.451033] cloud-init[920]: The key's randomart image is:
[  131.452991] cloud-init[920]: +---[ECDSA 256]---+
[  131.454239] cloud-init[920]: |o+oE =+oo        |
[  131.455513] cloud-init[920]: |..B.*.o=         |
[  131.474024] cloud-init[920]: |o+ O.+o o . .    |
[  131.476006] cloud-init[920]: |= * B    + o .   |
[  131.480722] cloud-init[920]: | + + o  S o o    |
[  131.484766] cloud-init[920]: |.   . o. .   o   |
[  131.489293] cloud-init[920]: |   . o..      .  |
[  131.493556] cloud-init[920]: |    o.. . .  .   |
[  131.496643] cloud-init[920]: |   oo.   . ..    |
[  131.498061] cloud-init[920]: +----[SHA256]-----+
[  131.500272] cloud-init[920]: Generating public/private ed25519 key pair.
[  131.503963] cloud-init[920]: Your identification has been saved in /etc/ssh/ssh_host_ed25519_key.
[  131.507369] cloud-init[920]: Your public key has been saved in /etc/ssh/ssh_host_ed25519_key.pub.
[  131.510909] cloud-init[920]: The key fingerprint is:
[  131.513313] cloud-init[920]: SHA256:EDnRTGKFCPyas07Ld2B/eBmHaCHj230JIUOYCTxOGRQ root@ubuntu-bionic
[  131.517373] cloud-init[920]: The key's randomart image is:
[  131.519401] cloud-init[920]: +--[ED25519 256]--+
[  131.521259] cloud-init[920]: | +E* ==Oo        |
[  131.523192] cloud-init[920]: |  * =.=oo        |
[[  131.537169] [0;32m  OK  [0mcloud-init] [920]: Started Initial cloud-init job (metadata service crawler).| o o ...         |

[  131.540583] cloud-init[920]: |  . + +..        |
[  131.542153] [[0;32m  OK  [0m] Reached target Cloud-config availability.
[[0;32m  OK  [0m] Reached target System Initialization.
[[0;32m  OK  [0m] Listening on cloud-init hotplug hook socket.
[[0;32m  OK  [0m] Started Daily apt download activities.
[[0;32m  OK  [0m] Started Daily apt upgrade and clean activities.
[[0;32m  OK  [0m] Listening on D-Bus System Message Bus Socket.
         Starting Socket activation for snappy daemon.
[[0;32m  OK  [0m] Listening on Open-iSCSI iscsid Socket.
[[0;32m  OK  [0m] Started Ubuntu Advantage Timer for running repeated jobs.
[[0;32m  OK  [0m] Started ACPI Events Check.
[[0;32m  OK  [0m] Reached target Paths.
[[0;32m  OK  [0m] Listening on ACPID Listen Socket.
[[0;32m  OK  [0m] Started Message of the Day.
         Starting LXD - unix socket.
[[0;32m  OK  [0m] Started Discard unused blocks once a week.
[[0;32m  OK  [0m] Listening on UUID daemon activation socket.
[[0;32m  OK  [0m] Started Daily Cleanup of Temporary Directories.
[[0;32m  OK  [0m] Reached target Timers.
[[0;32m  OK  [0m] Reached target Network is Online.
[[0;32m  OK  [0m] Reached target Remote File Systems (Pre).
[[0;32m  OK  [0m] Reached target Remote File Systems.
         Starting Availability of block devices...
[[0;32m  OK  [0m] Listening on Socket activation for snappy daemon.
[[0;32m  OK  [0m] Started Availability of block devices.
[[0;32m  OK  [0m] Listening on LXD - unix socket.
[[0;32m  OK  [0m] Reached target Sockets.
[[0;32m  OK  [0m] Reached target Basic System.
         Starting Virtualbox guest utils...
         Starting LSB: Record successful boot for GRUB...
         Starting Accounts Service...
         Starting System Logging Service...
cloud-init[920]:          Starting Login Service...
[[0;32m  OK  [0m] Started D-Bus System Message Bus.
|   + o =So       |
[  131.606132] cloud-init[920]: |  + + o + .      |
[  131.610709] cloud-init[920]: |  .+ * o = .     |
[  131.613807] cloud-init[920]: | o..o = = o      |
[  131.617963] cloud-init[920]: | .+. . o .       |
[  131.620322] cloud-init[920]: +----[SHA256]-----+
         Starting Permit User Sessions...
[[0;32m  OK  [0m] Started Regular background program processing daemon.
[[0;32m  OK  [0m] Started irqbalance daemon.
         Starting Dispatcher daemon for systemd-networkd...
         Starting Snap Daemon...
[[0;32m  OK  [0m] Reached target Login Prompts (Pre).
         Starting LSB: automatic crash report generation...
[[0;32m  OK  [0m] Started Deferred execution scheduler.
         Starting Pollinate to seed the pseudo random number generator...
[[0;32m  OK  [0m] Started FUSE filesystem for LXC.
         Starting LXD - container startup/shutdown...
[[0;32m  OK  [0m] Started System Logging Service.
[[0;32m  OK  [0m] Started Permit User Sessions.
[[0;32m  OK  [0m] Started Login Service.
         Starting Authorization Manager...
[[0;32m  OK  [0m] Started Unattended Upgrades Shutdown.
         Starting Hold until boot process finishes up...
         Starting Terminate Plymouth Boot Screen...
[[0;32m  OK  [0m] Started Hold until boot process finishes up.
         Starting Set console scheme...
[[0;32m  OK  [0m] Started Serial Getty on ttyS0.
[[0;32m  OK  [0m] Started Terminate Plymouth Boot Screen.
[[0;32m  OK  [0m] Started Set console scheme.
[[0;32m  OK  [0m] Created slice system-getty.slice.
[[0;32m  OK  [0m] Started Getty on tty1.
[[0;32m  OK  [0m] Reached target Login Prompts.
[[0;32m  OK  [0m] Started LSB: automatic crash report generation.
[[0;32m  OK  [0m] Started Virtualbox guest utils.
[[0;32m  OK  [0m] Started LSB: Record successful boot for GRUB.
[[0;32m  OK  [0m] Started Authorization Manager.
[[0;32m  OK  [0m] Started Accounts Service.
[[0;32m  OK  [0m] Started LXD - container startup/shutdown.
[[0;32m  OK  [0m] Started Dispatcher daemon for systemd-networkd.
[[0;32m  OK  [0m] Started Snap Daemon.
         Starting Wait until snapd is fully seeded...
[[0;32m  OK  [0m] Started Pollinate to seed the pseudo random number generator.
         Starting OpenBSD Secure Shell server...
[[0;32m  OK  [0m] Started OpenBSD Secure Shell server.
[[0;32m  OK  [0m] Created slice User Slice of vagrant.
         Starting User Manager for UID 1000...
[[0;32m  OK  [0m] Started Session 1 of user vagrant.
[[0;32m  OK  [0m] Started User Manager for UID 1000.
         Starting Time & Date Service...
[[0;32m  OK  [0m] Started Time & Date Service.
[[0;32m  OK  [0m] Started Wait until snapd is fully seeded.
         Starting Apply the settings specified in cloud-config...
[  136.192752] cloud-init[1484]: Cloud-init v. 23.1.2-0ubuntu0~18.04.1 running 'modules:config' at Tue, 05 Mar 2024 16:47:09 +0000. Up 135.03 seconds.
[[0;32m  OK  [0m] Started Apply the settings specified in cloud-config.
[[0;32m  OK  [0m] Reached target Multi-User System.
[[0;32m  OK  [0m] Reached target Graphical Interface.
         Starting Update UTMP about System Runlevel Changes...
         Starting Execute cloud user/final scripts...
[[0;32m  OK  [0m] Started Update UTMP about System Runlevel Changes.
ci-info: no authorized SSH keys fingerprints found for user ubuntu.
<14>Mar  5 16:47:11 cloud-init: #############################################################
<14>Mar  5 16:47:11 cloud-init: -----BEGIN SSH HOST KEY FINGERPRINTS-----
<14>Mar  5 16:47:11 cloud-init: 1024 SHA256:5/vc/vtQ4R5PKxvw4WxLb7j+zMvdo83Eu1NunIZzEjo root@ubuntu-bionic (DSA)
<14>Mar  5 16:47:11 cloud-init: 256 SHA256:qsZ+QGlDh2tvf18woSEvgaUIDKNWzmoMdnLwVtNBIEM root@ubuntu-bionic (ECDSA)
<14>Mar  5 16:47:11 cloud-init: 256 SHA256:EDnRTGKFCPyas07Ld2B/eBmHaCHj230JIUOYCTxOGRQ root@ubuntu-bionic (ED25519)
<14>Mar  5 16:47:11 cloud-init: 2048 SHA256:0P3YG0Axwr3/obBIGW3M/5Vt41nXtgphfKS6NuanWi4 root@ubuntu-bionic (RSA)
<14>Mar  5 16:47:11 cloud-init: -----END SSH HOST KEY FINGERPRINTS-----
<14>Mar  5 16:47:11 cloud-init: #############################################################
-----BEGIN SSH HOST KEY KEYS-----
ecdsa-sha2-nistp256 AAAAE2VjZHNhLXNoYTItbmlzdHAyNTYAAAAIbmlzdHAyNTYAAABBBA9JsU+4D8DQFBlJHwbGwRxkr/dgsnsNTpnclHoz2LlHFpi418a5NkJIMDpdEhuGq9EYidNtBzWk/sk+bLcnbzU= root@ubuntu-bionic
ssh-ed25519 AAAAC3NzaC1lZDI1NTE5AAAAIEV6c/uOeYV5C2hRnbAVTwSFJQ6+ejyn4hcs26kUANya root@ubuntu-bionic
ssh-rsa AAAAB3NzaC1yc2EAAAADAQABAAABAQDM6uZFFqDskHB/CJuGPGivkVXZ9B/CJKWXTp7Xtv/qxMovyyKsgeqP/FNQAutGjioNpcW0GBCc7ynNKlzIs+zK5M0qrxYQdGiBq6iKu856a+zyuRBJakSL2PcRN5gCVcUJyebw+K9vMSmPoVe+jQZfqGjAP7bXBhiiA3YrlVvGr4AUqbfPkn/Pmsp7dTPZWH+zREXVAm4b3oxUFkVhwbkhfaj/O9iyLaIYvDVnDBfTP9/GlBE6IO8n0vawb2B/Ogt/iYgM30nbi4mPeh+2A3Mwh00Dylbg9JQa3iZYbEnZ+oDBAPQTk4ftyvNxTBbVZD65ph7eQwNTctcOYK2s+EAB root@ubuntu-bionic
-----END SSH HOST KEY KEYS-----
[  137.266529] cloud-init[1592]: Cloud-init v. 23.1.2-0ubuntu0~18.04.1 running 'modules:final' at Tue, 05 Mar 2024 16:47:11 +0000. Up 136.88 seconds.
[  137.266872] cloud-init[1592]: Cloud-init v. 23.1.2-0ubuntu0~18.04.1 finished at Tue, 05 Mar 2024 16:47:11 +0000. Datasource DataSourceNoCloud [seed=/dev/sdb][dsmode=net].  Up 137.24 seconds

Ubuntu 18.04.6 LTS ubuntu-bionic ttyS0

ubuntu-bionic login: [51582.526023] INFO: rcu_sched detected stalls on CPUs/tasks:
[51582.527428] watchdog: BUG: soft lockup - CPU#1 stuck for 561s! [python3:2748]
[51582.536057] 	1-...!: (2 ticks this GP) idle=322/140000000000001/0 softirq=15606/15611 fqs=3 
[51582.563027] 	(detected by 0, t=150455 jiffies, g=5563, c=5562, q=201)
[51604.284318] rcu_sched kthread starved for 150418 jiffies! g5563 c5562 f0x0 RCU_GP_WAIT_FQS(3) ->state=0x402 ->cpu=0
[52500.741831] INFO: rcu_sched detected stalls on CPUs/tasks:
[52500.747053] 	(detected by 1, t=199123 jiffies, g=13306, c=13305, q=113)
[52500.752590] INFO: Stall ended before state dump start
[[0;32m  OK  [0m] Stopped target Host and Network Name Lookups.
         Stopping User Manager for UID 1000...
         Stopping Authorization Manager...
[[0;32m  OK  [0m] Closed Load/Save RF Kill Switch Status /dev/rfkill Watch.
         Stopping Session 12 of user vagrant.
         Stopping Availability of block devices...
[[0;32m  OK  [0m] Stopped target Cloud-init target.
[[0;32m  OK  [0m] Stopped Execute cloud user/final scripts.
[[0;32m  OK  [0m] Stopped Apply the settings specified in cloud-config.
[[0;32m  OK  [0m] Stopped target Graphical Interface.
         Stopping Accounts Service...
[[0;32m  OK  [0m] Stopped target Cloud-config availability.
[[0;32m  OK  [0m] Stopped target Multi-User System.
[[0;32m  OK  [0m] Stopped target Login Prompts.
         Stopping Getty on tty1...
[[0;32m  OK  [0m] Stopped Wait until snapd is fully seeded.
         Stopping Dispatcher daemon for systemd-networkd...
         Stopping Virtualbox guest utils...
         Stopping LSB: automatic crash report generation...
         Stopping OpenBSD Secure Shell server...
         Stopping Regular background program processing daemon...
         Stopping D-Bus System Message Bus...
         Stopping irqbalance daemon...
         Stopping LXD - container startup/shutdown...
         Stopping Deferred execution scheduler...
         Stopping Unattended Upgrades Shutdown...
         Stopping FUSE filesystem for LXC...
         Stopping LSB: Record successful boot for GRUB...
         Stopping Serial Getty on ttyS0...
         Stopping Syste[[0;32m  OK  [0m] Stopped target System Time Synchronized.
[[0;32m  OK  [0m] Stopped Accounts Service.
[[0;32m  OK  [0m] Stopped Regular background program processing daemon.
[[0;32m  OK  [0m] Stopped Deferred execution scheduler.
[[0;32m  OK  [0m] Stopped Authorization Manager.
[[0;32m  OK  [0m] Stopped irqbalance daemon.
[[0;32m  OK  [0m] Stopped User Manager for UID 1000.
[[0;32m  OK  [0m] Stopped Serial Getty on ttyS0.
[[0;32m  OK  [0m] Stopped Session 12 of user vagrant.
[[0;32m  OK  [0m] Unmounted /var/lib/lxcfs.
[[0;32m  OK  [0m] Stopped Dispatcher daemon for systemd-networkd.
[[0;32m  OK  [0m] Stopped Getty on tty1.
[[0;32m  OK  [0m] Stopped OpenBSD Secure Shell server.
[[0;32m  OK  [0m] Stopped D-Bus System Message Bus.
[[0;32m  OK  [0m] Stopped FUSE filesystem for LXC.
[[0;32m  OK  [0m] Removed slice system-getty.slice.
[[0;32m  OK  [0m] Stopped target Login Prompts (Pre).
[[0;32m  OK  [0m] Removed slice system-serial\x2dgetty.slice.
[[0;32m  OK  [0m] Removed slice User Slice of vagrant.
         Stopping Permit User Sessions...
[[0;32m  OK  [0m] Stopped System Logging Service.
[[0;32m  OK  [0m] Stopped Availability of block devices.
[[0;32m  OK  [0m] Stopped Permit User Sessions.
[[0;32m  OK  [0m] Stopped LXD - container startup/shutdown.
[[0;32m  OK  [0m] Unmounted /run/user/1000.
[[0;32m  OK  [0m] Stopped LSB: Record successful boot for GRUB.
[[0;32m  OK  [0m] Stopped LSB: automatic crash report generation.
[[0;32m  OK  [0m] Stopped target Remote File Systems.
         Unmounting /vagrant...
[[0;32m  OK  [0m] Unmounted /vagrant.
[[0;32m  OK  [0m] Reached target Unmount All Filesystems.
[[0;32m  OK  [0m] Stopped target Remote File Systems (Pre).
[[0;32m  OK  [0m] Stopped target Network is Online.
[[0;32m  OK  [0m] Stopped Unattended Upgrades Shutdown.
[[0;32m  OK  [0m] Stopped target Network.
         Stopping Network Name Resolution...
         Stopping Login Service...
[[0;32m  OK  [0m] Stopped Virtualbox guest utils.
[[0;32m  OK  [0m] Stopped Network Name Resolution.
         Stopping Network Service...
[[0;32m  OK  [0m] Stopped Login Service.
[[0;32m  OK  [0m] Stopped target Basic System.
[[0;32m  OK  [0m] Stopped target Sockets.
[[0;32m  OK  [0m] Closed Socket activation for snappy daemon.
[[0;32m  OK  [0m] Closed Syslog Socket.
[[0;32m  OK  [0m] Closed cloud-init hotplug hook socket.
[[0;32m  OK  [0m] Closed UUID daemon activation socket.
[[0;32m  OK  [0m] Closed Open-iSCSI iscsid Socket.
[[0;32m  OK  [0m] Closed LXD - unix socket.
[[0;32m  OK  [0m] Closed ACPID Listen Socket.
[[0;32m  OK  [0m] Stopped target Slices.
[[0;32m  OK  [0m] Stopped target Paths.
[[0;32m  OK  [0m] Stopped ACPI Events Check.
[[0;32m  OK  [0m] Stopped target User and Group Name Lookups.
[[0;32m  OK  [0m] Removed slice User and Session Slice.
[[0;32m  OK  [0m] Closed D-Bus System Message Bus Socket.
[[0;32m  OK  [0m] Stopped target System Initialization.
         Stopping Update UTMP about System Boot/Shutdown...
[[0;32m  OK  [0m] Stopped target Swap.
[[0;32m  OK  [0m] Stopped Initial cloud-init job (metadata service crawler).
         Stopping Load/Save Random Seed...
[[0;32m  OK  [0m] Stopped target Local Encrypted Volumes.
[[0;32m  OK  [0m] Stopped Forward Password Requests to Wall Directory Watch.
[[0;32m  OK  [0m] Stopped Dispatch Password Requests to Console Directory Watch.
[[0;32m  OK  [0m] Stopped Commit a transient machine-id on disk.
[[0;32m  OK  [0m] Stopped Network Service.
[[0;32m  OK  [0m] Stopped Apply Kernel Variables.
[[0;32m  OK  [0m] Stopped Load Kernel Modules.
[[0;32m  OK  [0m] Stopped target Network (Pre).
[[0;32m  OK  [0m] Stopped Initial cloud-init job (pre-networking).
[[0;32m  OK  [0m] Stopped Update UTMP about System Boot/Shutdown.
[[0;32m  OK  [0m] Stopped Load/Save Random Seed.
[[0;32m  OK  [0m] Stopped Create Volatile Files and Directories.
[[0;32m  OK  [0m] Stopped target Local File Systems.
[[0;32m  OK  [0m] Stopped target Mounted snaps.
[[0;32m  OK  [0m] Stopped target Mounting snaps.
[[0;32m  OK  [0m] Stopped target Local File Systems (Pre).
[[0;32m  OK  [0m] Stopped Create Static Device Nodes in /dev.
         Stopping Monitoring of LVM2 mirrors…ng dmeventd or progress polling...
[[0;32m  OK  [0m] Stopped Remount Root and Kernel File Systems.
[[0;32m  OK  [0m] Reached target Shutdown.
[[0;32m  OK  [0m] Reached target Final Step.
         Starting Power-Off...
[67552.909832] reboot: Power down
